<?xml version="1.0" encoding="UTF-8"?>
<testsuite xmlns:xsi="http://www.w3.org/2001/XMLSchema-instance" xsi:noNamespaceSchemaLocation="https://maven.apache.org/surefire/maven-surefire-plugin/xsd/surefire-test-report-3.0.xsd" version="3.0" name="org.example.RentalServiceTest" time="0.199" tests="11" errors="0" skipped="0" failures="0">
  <properties>
[...]
</properties>
  <testcase name="shouldCost3000InSport" classname="org.example.RentalServiceTest" time="0.137"/>
  <testcase name="shouldReturnRental" classname="org.example.RentalServiceTest" time="0.006"/>
  <testcase name="shouldOverlapFromRight" classname="org.example.RentalServiceTest" time="0.002"/>
  <testcase name="shouldFindCar" classname="org.example.RentalServiceTest" time="0.002"/>
  <testcase name="shouldNotBeAvalible" classname="org.example.RentalServiceTest" time="0.001"/>
  <testcase name="shouldCost750InStandard" classname="org.example.RentalServiceTest" time="0.001"/>
  <testcase name="shouldReturnNull" classname="org.example.RentalServiceTest" time="0.003"/>
  <testcase name="shouldBeAvalible" classname="org.example.RentalServiceTest" time="0.001"/>
  <testcase name="shouldNotFindCar" classname="org.example.RentalServiceTest" time="0.0"/>
  <testcase name="shouldOverlapFromLeft" classname="org.example.RentalServiceTest" time="0.0"/>
  <testcase name="shouldCost5000InPremium" classname="org.example.RentalServiceTest" time="0.001"/>
</testsuite>